<?xml version="1.0" encoding="UTF-8"?>
<!-- Generated by org.testng.reporters.JUnitReportReporter -->
<testsuite skipped="0" hostname="SREESAI-305" name="micro.Microsoft" tests="1" failures="0" timestamp="2021-09-04T08:27:18 IST" time="10.266" errors="0">
  <testcase name="sai" time="10.266" classname="micro.Microsoft"/>
  <system-out/>
</testsuite> <!-- micro.Microsoft -->
